Severity	Code	Description	Project	File	Line	Suppression State
Error (active)	E0135	namespace "ospcommon" has no member "vec3f"	project1	c:\Users\HP\Documents\Visual Studio 2017\Projects\project1\project1\ospExampleViewer.cpp	32	
Error (active)	E0135	namespace "ospcommon" has no member "vec3f"	project1	c:\Users\HP\Documents\Visual Studio 2017\Projects\project1\project1\ospExampleViewer.cpp	33	
Error (active)	E0018	expected a ')'	project1	c:\Users\HP\Documents\Visual Studio 2017\Projects\project1\project1\ospExampleViewer.cpp	43	
Error (active)	E0135	namespace "ospcommon" has no member "vec2i"	project1	c:\Users\HP\Documents\Visual Studio 2017\Projects\project1\project1\ospExampleViewer.cpp	52	
Error (active)	E0135	namespace "ospcommon" has no member "box3f"	project1	c:\Users\HP\Documents\Visual Studio 2017\Projects\project1\project1\ospExampleViewer.cpp	133	
Error (active)	E0135	namespace "ospray::cpp" has no member "Renderer"	project1	c:\Users\HP\Documents\Visual Studio 2017\Projects\project1\project1\ospExampleViewer.cpp	135	
Error (active)	E0065	expected a ';'	project1	c:\Users\HP\Documents\Visual Studio 2017\Projects\project1\project1\ospExampleViewer.cpp	135	
Error (active)	E0135	namespace "ospray::cpp" has no member "Renderer"	project1	c:\Users\HP\Documents\Visual Studio 2017\Projects\project1\project1\ospExampleViewer.cpp	136	
Error (active)	E0065	expected a ';'	project1	c:\Users\HP\Documents\Visual Studio 2017\Projects\project1\project1\ospExampleViewer.cpp	136	
Error (active)	E0135	namespace "ospray::cpp" has no member "FrameBuffer"	project1	c:\Users\HP\Documents\Visual Studio 2017\Projects\project1\project1\ospExampleViewer.cpp	138	
Error (active)	E0065	expected a ';'	project1	c:\Users\HP\Documents\Visual Studio 2017\Projects\project1\project1\ospExampleViewer.cpp	138	
Error (active)	E0020	identifier "renderer" is undefined	project1	c:\Users\HP\Documents\Visual Studio 2017\Projects\project1\project1\ospExampleViewer.cpp	140	
Error (active)	E0020	identifier "rendererDW" is undefined	project1	c:\Users\HP\Documents\Visual Studio 2017\Projects\project1\project1\ospExampleViewer.cpp	140	
Error (active)	E0020	identifier "frameBufferDW" is undefined	project1	c:\Users\HP\Documents\Visual Studio 2017\Projects\project1\project1\ospExampleViewer.cpp	155	
Error (active)	E0135	namespace "ospray::cpp" has no member "FrameBuffer"	project1	c:\Users\HP\Documents\Visual Studio 2017\Projects\project1\project1\ospExampleViewer.cpp	155	
Error (active)	E0135	namespace "ospray::cpp" has no member "Renderer"	project1	c:\Users\HP\Documents\Visual Studio 2017\Projects\project1\project1\ospExampleViewer.cpp	168	
Error (active)	E0020	identifier "frameBufferDW" is undefined	project1	c:\Users\HP\Documents\Visual Studio 2017\Projects\project1\project1\ospExampleViewer.cpp	172	
Error (active)	E0864	AffineSpaceT is not a template	project1	c:\Users\HP\Documents\Visual Studio 2017\Projects\project1\project1\ThirdPartyLibrary\OSPRay v1.3.0\include\ospray\ospcommon\AffineSpace.h	112	
Error (active)	E0864	AffineSpaceT is not a template	project1	c:\Users\HP\Documents\Visual Studio 2017\Projects\project1\project1\ThirdPartyLibrary\OSPRay v1.3.0\include\ospray\ospcommon\AffineSpace.h	145	
Error (active)	E0864	AffineSpaceT is not a template	project1	c:\Users\HP\Documents\Visual Studio 2017\Projects\project1\project1\ThirdPartyLibrary\OSPRay v1.3.0\include\ospray\ospcommon\AffineSpace.h	146	
Error (active)	E0864	AffineSpaceT is not a template	project1	c:\Users\HP\Documents\Visual Studio 2017\Projects\project1\project1\ThirdPartyLibrary\OSPRay v1.3.0\include\ospray\ospcommon\AffineSpace.h	147	
Error (active)	E0864	AffineSpaceT is not a template	project1	c:\Users\HP\Documents\Visual Studio 2017\Projects\project1\project1\ThirdPartyLibrary\OSPRay v1.3.0\include\ospray\ospcommon\AffineSpace.h	148	
Error (active)	E0020	identifier "Quaternion3f" is undefined	project1	c:\Users\HP\Documents\Visual Studio 2017\Projects\project1\project1\ThirdPartyLibrary\OSPRay v1.3.0\include\ospray\ospcommon\AffineSpace.h	148	
Error (active)	E0276	name followed by '::' must be a class or namespace name	project1	c:\Users\HP\Documents\Visual Studio 2017\Projects\project1\project1\ThirdPartyLibrary\OSPRay v1.3.0\include\ospray\ospcommon\AffineSpace.h	155	
Error (active)	E0169	expected a declaration	project1	c:\Users\HP\Documents\Visual Studio 2017\Projects\project1\project1\ThirdPartyLibrary\OSPRay v1.3.0\include\ospray\ospcommon\AffineSpace.h	161	
Error (active)	E0169	expected a declaration	project1	c:\Users\HP\Documents\Visual Studio 2017\Projects\project1\project1\ThirdPartyLibrary\OSPRay v1.3.0\include\ospray\ospcommon\box.h	48	
Error (active)	E0864	box_t is not a template	project1	c:\Users\HP\Documents\Visual Studio 2017\Projects\project1\project1\ThirdPartyLibrary\OSPRay v1.3.0\include\ospray\ospcommon\box.h	117	
Error (active)	E0864	box_t is not a template	project1	c:\Users\HP\Documents\Visual Studio 2017\Projects\project1\project1\ThirdPartyLibrary\OSPRay v1.3.0\include\ospray\ospcommon\box.h	118	
Error (active)	E0864	box_t is not a template	project1	c:\Users\HP\Documents\Visual Studio 2017\Projects\project1\project1\ThirdPartyLibrary\OSPRay v1.3.0\include\ospray\ospcommon\box.h	119	
Error (active)	E0864	box_t is not a template	project1	c:\Users\HP\Documents\Visual Studio 2017\Projects\project1\project1\ThirdPartyLibrary\OSPRay v1.3.0\include\ospray\ospcommon\box.h	120	
Error (active)	E0864	box_t is not a template	project1	c:\Users\HP\Documents\Visual Studio 2017\Projects\project1\project1\ThirdPartyLibrary\OSPRay v1.3.0\include\ospray\ospcommon\box.h	121	
Error (active)	E0169	expected a declaration	project1	c:\Users\HP\Documents\Visual Studio 2017\Projects\project1\project1\ThirdPartyLibrary\OSPRay v1.3.0\include\ospray\ospcommon\box.h	127	
Error (active)	E0169	expected a declaration	project1	c:\Users\HP\Documents\Visual Studio 2017\Projects\project1\project1\ThirdPartyLibrary\OSPRay v1.3.0\include\ospray\ospcommon\common.h	102	
Error (active)	E0169	expected a declaration	project1	c:\Users\HP\Documents\Visual Studio 2017\Projects\project1\project1\ThirdPartyLibrary\OSPRay v1.3.0\include\ospray\ospcommon\common.h	103	
Error (active)	E0169	expected a declaration	project1	c:\Users\HP\Documents\Visual Studio 2017\Projects\project1\project1\ThirdPartyLibrary\OSPRay v1.3.0\include\ospray\ospcommon\common.h	104	
Error (active)	E0169	expected a declaration	project1	c:\Users\HP\Documents\Visual Studio 2017\Projects\project1\project1\ThirdPartyLibrary\OSPRay v1.3.0\include\ospray\ospcommon\common.h	105	
Error (active)	E0169	expected a declaration	project1	c:\Users\HP\Documents\Visual Studio 2017\Projects\project1\project1\ThirdPartyLibrary\OSPRay v1.3.0\include\ospray\ospcommon\common.h	106	
Error (active)	E0169	expected a declaration	project1	c:\Users\HP\Documents\Visual Studio 2017\Projects\project1\project1\ThirdPartyLibrary\OSPRay v1.3.0\include\ospray\ospcommon\common.h	107	
Error (active)	E0169	expected a declaration	project1	c:\Users\HP\Documents\Visual Studio 2017\Projects\project1\project1\ThirdPartyLibrary\OSPRay v1.3.0\include\ospray\ospcommon\common.h	108	
Error (active)	E0169	expected a declaration	project1	c:\Users\HP\Documents\Visual Studio 2017\Projects\project1\project1\ThirdPartyLibrary\OSPRay v1.3.0\include\ospray\ospcommon\common.h	109	
Error (active)	E0169	expected a declaration	project1	c:\Users\HP\Documents\Visual Studio 2017\Projects\project1\project1\ThirdPartyLibrary\OSPRay v1.3.0\include\ospray\ospcommon\common.h	110	
Error (active)	E0169	expected a declaration	project1	c:\Users\HP\Documents\Visual Studio 2017\Projects\project1\project1\ThirdPartyLibrary\OSPRay v1.3.0\include\ospray\ospcommon\common.h	111	
Error (active)	E0169	expected a declaration	project1	c:\Users\HP\Documents\Visual Studio 2017\Projects\project1\project1\ThirdPartyLibrary\OSPRay v1.3.0\include\ospray\ospcommon\common.h	112	
Error (active)	E0169	expected a declaration	project1	c:\Users\HP\Documents\Visual Studio 2017\Projects\project1\project1\ThirdPartyLibrary\OSPRay v1.3.0\include\ospray\ospcommon\common.h	113	
Error (active)	E0169	expected a declaration	project1	c:\Users\HP\Documents\Visual Studio 2017\Projects\project1\project1\ThirdPartyLibrary\OSPRay v1.3.0\include\ospray\ospcommon\common.h	114	
Error (active)	E0169	expected a declaration	project1	c:\Users\HP\Documents\Visual Studio 2017\Projects\project1\project1\ThirdPartyLibrary\OSPRay v1.3.0\include\ospray\ospcommon\common.h	115	
Error (active)	E0169	expected a declaration	project1	c:\Users\HP\Documents\Visual Studio 2017\Projects\project1\project1\ThirdPartyLibrary\OSPRay v1.3.0\include\ospray\ospcommon\LinearSpace.h	110	
Error (active)	E0169	expected a declaration	project1	c:\Users\HP\Documents\Visual Studio 2017\Projects\project1\project1\ThirdPartyLibrary\OSPRay v1.3.0\include\ospray\ospcommon\LinearSpace.h	116	
Error (active)	E0864	LinearSpace2 is not a template	project1	c:\Users\HP\Documents\Visual Studio 2017\Projects\project1\project1\ThirdPartyLibrary\OSPRay v1.3.0\include\ospray\ospcommon\LinearSpace.h	311	
Error (active)	E0169	expected a declaration	project1	c:\Users\HP\Documents\Visual Studio 2017\Projects\project1\project1\ThirdPartyLibrary\OSPRay v1.3.0\include\ospray\ospcommon\LinearSpace.h	317	
Error (active)	E0040	expected an identifier	project1	c:\Users\HP\Documents\Visual Studio 2017\Projects\project1\project1\ThirdPartyLibrary\OSPRay v1.3.0\include\ospray\ospcommon\math.h	130	
Error (active)	E0029	expected an expression	project1	c:\Users\HP\Documents\Visual Studio 2017\Projects\project1\project1\ThirdPartyLibrary\OSPRay v1.3.0\include\ospray\ospcommon\math.h	130	
Error (active)	E0067	expected a '}'	project1	c:\Users\HP\Documents\Visual Studio 2017\Projects\project1\project1\ThirdPartyLibrary\OSPRay v1.3.0\include\ospray\ospcommon\math.h	130	
Error (active)	E0018	expected a ')'	project1	c:\Users\HP\Documents\Visual Studio 2017\Projects\project1\project1\ThirdPartyLibrary\OSPRay v1.3.0\include\ospray\ospcommon\math.h	131	
Error (active)	E0029	expected an expression	project1	c:\Users\HP\Documents\Visual Studio 2017\Projects\project1\project1\ThirdPartyLibrary\OSPRay v1.3.0\include\ospray\ospcommon\math.h	131	
Error (active)	E0067	expected a '}'	project1	c:\Users\HP\Documents\Visual Studio 2017\Projects\project1\project1\ThirdPartyLibrary\OSPRay v1.3.0\include\ospray\ospcommon\math.h	131	
Error (active)	E0169	expected a declaration	project1	c:\Users\HP\Documents\Visual Studio 2017\Projects\project1\project1\ThirdPartyLibrary\OSPRay v1.3.0\include\ospray\ospcommon\math.h	131	
Error (active)	E0169	expected a declaration	project1	c:\Users\HP\Documents\Visual Studio 2017\Projects\project1\project1\ThirdPartyLibrary\OSPRay v1.3.0\include\ospray\ospcommon\math.h	270	
Error (active)	E0169	expected a declaration	project1	c:\Users\HP\Documents\Visual Studio 2017\Projects\project1\project1\ThirdPartyLibrary\OSPRay v1.3.0\include\ospray\ospcommon\math.h	271	
Error (active)	E0260	explicit type is missing ('int' assumed)	project1	c:\Users\HP\Documents\Visual Studio 2017\Projects\project1\project1\ThirdPartyLibrary\OSPRay v1.3.0\include\ospray\ospcommon\Quaternion.h	46	
Error (active)	E0020	identifier "T" is undefined	project1	c:\Users\HP\Documents\Visual Studio 2017\Projects\project1\project1\ThirdPartyLibrary\OSPRay v1.3.0\include\ospray\ospcommon\Quaternion.h	46	
Error (active)	E0020	identifier "T" is undefined	project1	c:\Users\HP\Documents\Visual Studio 2017\Projects\project1\project1\ThirdPartyLibrary\OSPRay v1.3.0\include\ospray\ospcommon\Quaternion.h	46	
Error (active)	E0020	identifier "T" is undefined	project1	c:\Users\HP\Documents\Visual Studio 2017\Projects\project1\project1\ThirdPartyLibrary\OSPRay v1.3.0\include\ospray\ospcommon\Quaternion.h	46	
Error (active)	E0260	explicit type is missing ('int' assumed)	project1	c:\Users\HP\Documents\Visual Studio 2017\Projects\project1\project1\ThirdPartyLibrary\OSPRay v1.3.0\include\ospray\ospcommon\Quaternion.h	52	
Error (active)	E0020	identifier "ZeroTy" is undefined	project1	c:\Users\HP\Documents\Visual Studio 2017\Projects\project1\project1\ThirdPartyLibrary\OSPRay v1.3.0\include\ospray\ospcommon\Quaternion.h	52	
Error (active)	E0065	expected a ';'	project1	c:\Users\HP\Documents\Visual Studio 2017\Projects\project1\project1\ThirdPartyLibrary\OSPRay v1.3.0\include\ospray\ospcommon\Quaternion.h	52	
Error (active)	E0169	expected a declaration	project1	c:\Users\HP\Documents\Visual Studio 2017\Projects\project1\project1\ThirdPartyLibrary\OSPRay v1.3.0\include\ospray\ospcommon\Quaternion.h	65	
Error (active)	E0065	expected a ';'	project1	c:\Users\HP\Documents\Visual Studio 2017\Projects\project1\project1\ThirdPartyLibrary\OSPRay v1.3.0\include\ospray\ospcommon\Quaternion.h	67	
Error (active)	E0020	identifier "T" is undefined	project1	c:\Users\HP\Documents\Visual Studio 2017\Projects\project1\project1\ThirdPartyLibrary\OSPRay v1.3.0\include\ospray\ospcommon\Quaternion.h	167	
Error (active)	E0020	identifier "rsqrt" is undefined	project1	c:\Users\HP\Documents\Visual Studio 2017\Projects\project1\project1\ThirdPartyLibrary\OSPRay v1.3.0\include\ospray\ospcommon\Quaternion.h	167	
Error (active)	E0020	identifier "t" is undefined	project1	c:\Users\HP\Documents\Visual Studio 2017\Projects\project1\project1\ThirdPartyLibrary\OSPRay v1.3.0\include\ospray\ospcommon\Quaternion.h	167	
Error (active)	E0020	identifier "T" is undefined	project1	c:\Users\HP\Documents\Visual Studio 2017\Projects\project1\project1\ThirdPartyLibrary\OSPRay v1.3.0\include\ospray\ospcommon\Quaternion.h	167	
Error (active)	E0077	this declaration has no storage class or type specifier	project1	c:\Users\HP\Documents\Visual Studio 2017\Projects\project1\project1\ThirdPartyLibrary\OSPRay v1.3.0\include\ospray\ospcommon\Quaternion.h	168	
Error (active)	E0020	identifier "vz" is undefined	project1	c:\Users\HP\Documents\Visual Studio 2017\Projects\project1\project1\ThirdPartyLibrary\OSPRay v1.3.0\include\ospray\ospcommon\Quaternion.h	168	
Error (active)	E0020	identifier "vx" is undefined	project1	c:\Users\HP\Documents\Visual Studio 2017\Projects\project1\project1\ThirdPartyLibrary\OSPRay v1.3.0\include\ospray\ospcommon\Quaternion.h	168	
Error (active)	E0077	this declaration has no storage class or type specifier	project1	c:\Users\HP\Documents\Visual Studio 2017\Projects\project1\project1\ThirdPartyLibrary\OSPRay v1.3.0\include\ospray\ospcommon\Quaternion.h	169	
Error (active)	E0020	identifier "vx" is undefined	project1	c:\Users\HP\Documents\Visual Studio 2017\Projects\project1\project1\ThirdPartyLibrary\OSPRay v1.3.0\include\ospray\ospcommon\Quaternion.h	169	
Error (active)	E0020	identifier "vy" is undefined	project1	c:\Users\HP\Documents\Visual Studio 2017\Projects\project1\project1\ThirdPartyLibrary\OSPRay v1.3.0\include\ospray\ospcommon\Quaternion.h	169	
Error (active)	E0077	this declaration has no storage class or type specifier	project1	c:\Users\HP\Documents\Visual Studio 2017\Projects\project1\project1\ThirdPartyLibrary\OSPRay v1.3.0\include\ospray\ospcommon\Quaternion.h	170	
Error (active)	E0020	identifier "t" is undefined	project1	c:\Users\HP\Documents\Visual Studio 2017\Projects\project1\project1\ThirdPartyLibrary\OSPRay v1.3.0\include\ospray\ospcommon\Quaternion.h	170	
Error (active)	E0077	this declaration has no storage class or type specifier	project1	c:\Users\HP\Documents\Visual Studio 2017\Projects\project1\project1\ThirdPartyLibrary\OSPRay v1.3.0\include\ospray\ospcommon\Quaternion.h	171	
Error (active)	E0020	identifier "vy" is undefined	project1	c:\Users\HP\Documents\Visual Studio 2017\Projects\project1\project1\ThirdPartyLibrary\OSPRay v1.3.0\include\ospray\ospcommon\Quaternion.h	171	
Error (active)	E0020	identifier "vz" is undefined	project1	c:\Users\HP\Documents\Visual Studio 2017\Projects\project1\project1\ThirdPartyLibrary\OSPRay v1.3.0\include\ospray\ospcommon\Quaternion.h	171	
Error (active)	E0169	expected a declaration	project1	c:\Users\HP\Documents\Visual Studio 2017\Projects\project1\project1\ThirdPartyLibrary\OSPRay v1.3.0\include\ospray\ospcommon\Quaternion.h	172	
Error (active)	E0757	variable "QuaternionT [with T=double]" is not a type name	project1	c:\Users\HP\Documents\Visual Studio 2017\Projects\project1\project1\ThirdPartyLibrary\OSPRay v1.3.0\include\ospray\ospcommon\Quaternion.h	208	
Error (active)	E0169	expected a declaration	project1	c:\Users\HP\Documents\Visual Studio 2017\Projects\project1\project1\ThirdPartyLibrary\OSPRay v1.3.0\include\ospray\ospcommon\Quaternion.h	209	
Error (active)	E0169	expected a declaration	project1	c:\Users\HP\Documents\Visual Studio 2017\Projects\project1\project1\ThirdPartyLibrary\OSPRay v1.3.0\include\ospray\ospcommon\vec.h	58	
Error (active)	E0065	expected a ';'	project1	c:\Users\HP\Documents\Visual Studio 2017\Projects\project1\project1\ThirdPartyLibrary\OSPRay v1.3.0\include\ospray\ospcommon\vec.h	411	
Error (active)	E0864	vec_t is not a template	project1	c:\Users\HP\Documents\Visual Studio 2017\Projects\project1\project1\ThirdPartyLibrary\OSPRay v1.3.0\include\ospray\ospcommon\vec.h	470	
Error (active)	E0864	vec_t is not a template	project1	c:\Users\HP\Documents\Visual Studio 2017\Projects\project1\project1\ThirdPartyLibrary\OSPRay v1.3.0\include\ospray\ospcommon\vec.h	471	
Error (active)	E0864	vec_t is not a template	project1	c:\Users\HP\Documents\Visual Studio 2017\Projects\project1\project1\ThirdPartyLibrary\OSPRay v1.3.0\include\ospray\ospcommon\vec.h	472	
Error (active)	E0864	vec_t is not a template	project1	c:\Users\HP\Documents\Visual Studio 2017\Projects\project1\project1\ThirdPartyLibrary\OSPRay v1.3.0\include\ospray\ospcommon\vec.h	473	
Error (active)	E0864	vec_t is not a template	project1	c:\Users\HP\Documents\Visual Studio 2017\Projects\project1\project1\ThirdPartyLibrary\OSPRay v1.3.0\include\ospray\ospcommon\vec.h	474	
Error (active)	E0028	expression must have a constant value	project1	c:\Users\HP\Documents\Visual Studio 2017\Projects\project1\project1\ThirdPartyLibrary\OSPRay v1.3.0\include\ospray\ospcommon\vec.h	474	
Error (active)	E0864	vec_t is not a template	project1	c:\Users\HP\Documents\Visual Studio 2017\Projects\project1\project1\ThirdPartyLibrary\OSPRay v1.3.0\include\ospray\ospcommon\vec.h	475	
Error (active)	E0864	vec_t is not a template	project1	c:\Users\HP\Documents\Visual Studio 2017\Projects\project1\project1\ThirdPartyLibrary\OSPRay v1.3.0\include\ospray\ospcommon\vec.h	476	
Error (active)	E0864	vec_t is not a template	project1	c:\Users\HP\Documents\Visual Studio 2017\Projects\project1\project1\ThirdPartyLibrary\OSPRay v1.3.0\include\ospray\ospcommon\vec.h	481	
Error (active)	E0864	vec_t is not a template	project1	c:\Users\HP\Documents\Visual Studio 2017\Projects\project1\project1\ThirdPartyLibrary\OSPRay v1.3.0\include\ospray\ospcommon\vec.h	482	
Error (active)	E0864	vec_t is not a template	project1	c:\Users\HP\Documents\Visual Studio 2017\Projects\project1\project1\ThirdPartyLibrary\OSPRay v1.3.0\include\ospray\ospcommon\vec.h	483	
Error (active)	E0864	vec_t is not a template	project1	c:\Users\HP\Documents\Visual Studio 2017\Projects\project1\project1\ThirdPartyLibrary\OSPRay v1.3.0\include\ospray\ospcommon\vec.h	484	
Error (active)	E0864	vec_t is not a template	project1	c:\Users\HP\Documents\Visual Studio 2017\Projects\project1\project1\ThirdPartyLibrary\OSPRay v1.3.0\include\ospray\ospcommon\vec.h	485	
Error (active)	E0864	vec_t is not a template	project1	c:\Users\HP\Documents\Visual Studio 2017\Projects\project1\project1\ThirdPartyLibrary\OSPRay v1.3.0\include\ospray\ospcommon\vec.h	486	
Error (active)	E0028	expression must have a constant value	project1	c:\Users\HP\Documents\Visual Studio 2017\Projects\project1\project1\ThirdPartyLibrary\OSPRay v1.3.0\include\ospray\ospcommon\vec.h	486	
Error (active)	E0864	vec_t is not a template	project1	c:\Users\HP\Documents\Visual Studio 2017\Projects\project1\project1\ThirdPartyLibrary\OSPRay v1.3.0\include\ospray\ospcommon\vec.h	487	
Error (active)	E0864	vec_t is not a template	project1	c:\Users\HP\Documents\Visual Studio 2017\Projects\project1\project1\ThirdPartyLibrary\OSPRay v1.3.0\include\ospray\ospcommon\vec.h	488	
Error (active)	E0864	vec_t is not a template	project1	c:\Users\HP\Documents\Visual Studio 2017\Projects\project1\project1\ThirdPartyLibrary\OSPRay v1.3.0\include\ospray\ospcommon\vec.h	490	
Error (active)	E0864	vec_t is not a template	project1	c:\Users\HP\Documents\Visual Studio 2017\Projects\project1\project1\ThirdPartyLibrary\OSPRay v1.3.0\include\ospray\ospcommon\vec.h	491	
Error (active)	E0864	vec_t is not a template	project1	c:\Users\HP\Documents\Visual Studio 2017\Projects\project1\project1\ThirdPartyLibrary\OSPRay v1.3.0\include\ospray\ospcommon\vec.h	496	
Error (active)	E0864	vec_t is not a template	project1	c:\Users\HP\Documents\Visual Studio 2017\Projects\project1\project1\ThirdPartyLibrary\OSPRay v1.3.0\include\ospray\ospcommon\vec.h	497	
Error (active)	E0864	vec_t is not a template	project1	c:\Users\HP\Documents\Visual Studio 2017\Projects\project1\project1\ThirdPartyLibrary\OSPRay v1.3.0\include\ospray\ospcommon\vec.h	498	
Error (active)	E0864	vec_t is not a template	project1	c:\Users\HP\Documents\Visual Studio 2017\Projects\project1\project1\ThirdPartyLibrary\OSPRay v1.3.0\include\ospray\ospcommon\vec.h	499	
Error (active)	E0864	vec_t is not a template	project1	c:\Users\HP\Documents\Visual Studio 2017\Projects\project1\project1\ThirdPartyLibrary\OSPRay v1.3.0\include\ospray\ospcommon\vec.h	500	
Error (active)	E0864	vec_t is not a template	project1	c:\Users\HP\Documents\Visual Studio 2017\Projects\project1\project1\ThirdPartyLibrary\OSPRay v1.3.0\include\ospray\ospcommon\vec.h	501	
Error (active)	E0028	expression must have a constant value	project1	c:\Users\HP\Documents\Visual Studio 2017\Projects\project1\project1\ThirdPartyLibrary\OSPRay v1.3.0\include\ospray\ospcommon\vec.h	501	
Error (active)	E0864	vec_t is not a template	project1	c:\Users\HP\Documents\Visual Studio 2017\Projects\project1\project1\ThirdPartyLibrary\OSPRay v1.3.0\include\ospray\ospcommon\vec.h	502	
Error (active)	E0864	vec_t is not a template	project1	c:\Users\HP\Documents\Visual Studio 2017\Projects\project1\project1\ThirdPartyLibrary\OSPRay v1.3.0\include\ospray\ospcommon\vec.h	503	
Error (active)	E0169	expected a declaration	project1	c:\Users\HP\Documents\Visual Studio 2017\Projects\project1\project1\ThirdPartyLibrary\OSPRay v1.3.0\include\ospray\ospcommon\vec.h	526	
Error (active)	E0065	expected a ';'	project1	c:\Users\HP\Documents\Visual Studio 2017\Projects\project1\project1\ThirdPartyLibrary\OSPRay v1.3.0\include\ospray\ospcommon\vec.h	560	
Error (active)	E0169	expected a declaration	project1	c:\Users\HP\Documents\Visual Studio 2017\Projects\project1\project1\ThirdPartyLibrary\OSPRay v1.3.0\include\ospray\ospcommon\vec.h	572	
Error (active)	E1670	a type qualifier is not allowed on a nonmember function	project1	c:\Users\HP\Documents\Visual Studio 2017\Projects\project1\project1\ThirdPartyLibrary\OSPRay v1.3.0\include\ospray\ospray_cpp\FrameBuffer.h	44	
Error (active)	E1670	a type qualifier is not allowed on a nonmember function	project1	c:\Users\HP\Documents\Visual Studio 2017\Projects\project1\project1\ThirdPartyLibrary\OSPRay v1.3.0\include\ospray\ospray_cpp\FrameBuffer.h	46	
Error (active)	E1670	a type qualifier is not allowed on a nonmember function	project1	c:\Users\HP\Documents\Visual Studio 2017\Projects\project1\project1\ThirdPartyLibrary\OSPRay v1.3.0\include\ospray\ospray_cpp\FrameBuffer.h	47	
Error (active)	E1670	a type qualifier is not allowed on a nonmember function	project1	c:\Users\HP\Documents\Visual Studio 2017\Projects\project1\project1\ThirdPartyLibrary\OSPRay v1.3.0\include\ospray\ospray_cpp\FrameBuffer.h	48	
Error (active)	E0169	expected a declaration	project1	c:\Users\HP\Documents\Visual Studio 2017\Projects\project1\project1\ThirdPartyLibrary\OSPRay v1.3.0\include\ospray\ospray_cpp\FrameBuffer.h	50	
Error (active)	E0169	expected a declaration	project1	c:\Users\HP\Documents\Visual Studio 2017\Projects\project1\project1\ThirdPartyLibrary\OSPRay v1.3.0\include\ospray\ospray_cpp\FrameBuffer.h	55	
Error (active)	E0276	name followed by '::' must be a class or namespace name	project1	c:\Users\HP\Documents\Visual Studio 2017\Projects\project1\project1\ThirdPartyLibrary\OSPRay v1.3.0\include\ospray\ospray_cpp\FrameBuffer.h	59	
Error (active)	E0135	namespace "ospcommon" has no member "vec2i"	project1	c:\Users\HP\Documents\Visual Studio 2017\Projects\project1\project1\ThirdPartyLibrary\OSPRay v1.3.0\include\ospray\ospray_cpp\FrameBuffer.h	59	
Error (active)	E0276	name followed by '::' must be a class or namespace name	project1	c:\Users\HP\Documents\Visual Studio 2017\Projects\project1\project1\ThirdPartyLibrary\OSPRay v1.3.0\include\ospray\ospray_cpp\FrameBuffer.h	66	
Error (active)	E0020	identifier "FrameBuffer" is undefined	project1	c:\Users\HP\Documents\Visual Studio 2017\Projects\project1\project1\ThirdPartyLibrary\OSPRay v1.3.0\include\ospray\ospray_cpp\FrameBuffer.h	66	
Error (active)	E0169	expected a declaration	project1	c:\Users\HP\Documents\Visual Studio 2017\Projects\project1\project1\ThirdPartyLibrary\OSPRay v1.3.0\include\ospray\ospray_cpp\FrameBuffer.h	66	
Error (active)	E0020	identifier "Material" is undefined	project1	c:\Users\HP\Documents\Visual Studio 2017\Projects\project1\project1\ThirdPartyLibrary\OSPRay v1.3.0\include\ospray\ospray_cpp\Geometry.h	33	
Error (active)	E0020	identifier "Material" is undefined	project1	c:\Users\HP\Documents\Visual Studio 2017\Projects\project1\project1\ThirdPartyLibrary\OSPRay v1.3.0\include\ospray\ospray_cpp\Geometry.h	59	
Error (active)	E0239	invalid specifier outside a class declaration	project1	c:\Users\HP\Documents\Visual Studio 2017\Projects\project1\project1\ThirdPartyLibrary\OSPRay v1.3.0\include\ospray\ospray_cpp\ManagedObject.h	50	
Error (active)	E1670	a type qualifier is not allowed on a nonmember function	project1	c:\Users\HP\Documents\Visual Studio 2017\Projects\project1\project1\ThirdPartyLibrary\OSPRay v1.3.0\include\ospray\ospray_cpp\ManagedObject.h	50	
Error (active)	E0145	function "set" may not be initialized	project1	c:\Users\HP\Documents\Visual Studio 2017\Projects\project1\project1\ThirdPartyLibrary\OSPRay v1.3.0\include\ospray\ospray_cpp\ManagedObject.h	50	
Error (active)	E0239	invalid specifier outside a class declaration	project1	c:\Users\HP\Documents\Visual Studio 2017\Projects\project1\project1\ThirdPartyLibrary\OSPRay v1.3.0\include\ospray\ospray_cpp\ManagedObject.h	51	
Error (active)	E1670	a type qualifier is not allowed on a nonmember function	project1	c:\Users\HP\Documents\Visual Studio 2017\Projects\project1\project1\ThirdPartyLibrary\OSPRay v1.3.0\include\ospray\ospray_cpp\ManagedObject.h	51	
Error (active)	E0145	function "set(const std::string &name, double v1, double v2, double v3)" may not be initialized	project1	c:\Users\HP\Documents\Visual Studio 2017\Projects\project1\project1\ThirdPartyLibrary\OSPRay v1.3.0\include\ospray\ospray_cpp\ManagedObject.h	51	
Error (active)	E0239	invalid specifier outside a class declaration	project1	c:\Users\HP\Documents\Visual Studio 2017\Projects\project1\project1\ThirdPartyLibrary\OSPRay v1.3.0\include\ospray\ospray_cpp\ManagedObject.h	52	
Error (active)	E1670	a type qualifier is not allowed on a nonmember function	project1	c:\Users\HP\Documents\Visual Studio 2017\Projects\project1\project1\ThirdPartyLibrary\OSPRay v1.3.0\include\ospray\ospray_cpp\ManagedObject.h	52	
Error (active)	E0145	function "set(const std::string &name, double v1, double v2, double v3, double v4)" may not be initialized	project1	c:\Users\HP\Documents\Visual Studio 2017\Projects\project1\project1\ThirdPartyLibrary\OSPRay v1.3.0\include\ospray\ospray_cpp\ManagedObject.h	52	
Error (active)	E0239	invalid specifier outside a class declaration	project1	c:\Users\HP\Documents\Visual Studio 2017\Projects\project1\project1\ThirdPartyLibrary\OSPRay v1.3.0\include\ospray\ospray_cpp\ManagedObject.h	55	
Error (active)	E0135	namespace "ospcommon" has no member "vec2i"	project1	c:\Users\HP\Documents\Visual Studio 2017\Projects\project1\project1\ThirdPartyLibrary\OSPRay v1.3.0\include\ospray\ospray_cpp\ManagedObject.h	55	
Error (active)	E1670	a type qualifier is not allowed on a nonmember function	project1	c:\Users\HP\Documents\Visual Studio 2017\Projects\project1\project1\ThirdPartyLibrary\OSPRay v1.3.0\include\ospray\ospray_cpp\ManagedObject.h	55	
Error (active)	E0145	function "set(const std::string &name, const <error-type> &v)" may not be initialized	project1	c:\Users\HP\Documents\Visual Studio 2017\Projects\project1\project1\ThirdPartyLibrary\OSPRay v1.3.0\include\ospray\ospray_cpp\ManagedObject.h	55	
Error (active)	E0239	invalid specifier outside a class declaration	project1	c:\Users\HP\Documents\Visual Studio 2017\Projects\project1\project1\ThirdPartyLibrary\OSPRay v1.3.0\include\ospray\ospray_cpp\ManagedObject.h	56	
Error (active)	E0135	namespace "ospcommon" has no member "vec2f"	project1	c:\Users\HP\Documents\Visual Studio 2017\Projects\project1\project1\ThirdPartyLibrary\OSPRay v1.3.0\include\ospray\ospray_cpp\ManagedObject.h	56	
Error (active)	E1670	a type qualifier is not allowed on a nonmember function	project1	c:\Users\HP\Documents\Visual Studio 2017\Projects\project1\project1\ThirdPartyLibrary\OSPRay v1.3.0\include\ospray\ospray_cpp\ManagedObject.h	56	
Error (active)	E0145	function "set(const std::string &name, const <error-type> &v)" may not be initialized	project1	c:\Users\HP\Documents\Visual Studio 2017\Projects\project1\project1\ThirdPartyLibrary\OSPRay v1.3.0\include\ospray\ospray_cpp\ManagedObject.h	56	
Error (active)	E0239	invalid specifier outside a class declaration	project1	c:\Users\HP\Documents\Visual Studio 2017\Projects\project1\project1\ThirdPartyLibrary\OSPRay v1.3.0\include\ospray\ospray_cpp\ManagedObject.h	59	
Error (active)	E0135	namespace "ospcommon" has no member "vec3i"	project1	c:\Users\HP\Documents\Visual Studio 2017\Projects\project1\project1\ThirdPartyLibrary\OSPRay v1.3.0\include\ospray\ospray_cpp\ManagedObject.h	59	
Error (active)	E1670	a type qualifier is not allowed on a nonmember function	project1	c:\Users\HP\Documents\Visual Studio 2017\Projects\project1\project1\ThirdPartyLibrary\OSPRay v1.3.0\include\ospray\ospray_cpp\ManagedObject.h	59	
Error (active)	E0145	function "set(const std::string &name, const <error-type> &v)" may not be initialized	project1	c:\Users\HP\Documents\Visual Studio 2017\Projects\project1\project1\ThirdPartyLibrary\OSPRay v1.3.0\include\ospray\ospray_cpp\ManagedObject.h	59	
Error (active)	E0239	invalid specifier outside a class declaration	project1	c:\Users\HP\Documents\Visual Studio 2017\Projects\project1\project1\ThirdPartyLibrary\OSPRay v1.3.0\include\ospray\ospray_cpp\ManagedObject.h	60	
Error (active)	E0135	namespace "ospcommon" has no member "vec3f"	project1	c:\Users\HP\Documents\Visual Studio 2017\Projects\project1\project1\ThirdPartyLibrary\OSPRay v1.3.0\include\ospray\ospray_cpp\ManagedObject.h	60	
Error (active)	E1670	a type qualifier is not allowed on a nonmember function	project1	c:\Users\HP\Documents\Visual Studio 2017\Projects\project1\project1\ThirdPartyLibrary\OSPRay v1.3.0\include\ospray\ospray_cpp\ManagedObject.h	60	
Error (active)	E0145	function "set(const std::string &name, const <error-type> &v)" may not be initialized	project1	c:\Users\HP\Documents\Visual Studio 2017\Projects\project1\project1\ThirdPartyLibrary\OSPRay v1.3.0\include\ospray\ospray_cpp\ManagedObject.h	60	
Error (active)	E0239	invalid specifier outside a class declaration	project1	c:\Users\HP\Documents\Visual Studio 2017\Projects\project1\project1\ThirdPartyLibrary\OSPRay v1.3.0\include\ospray\ospray_cpp\ManagedObject.h	63	
Error (active)	E0135	namespace "ospcommon" has no member "vec4f"	project1	c:\Users\HP\Documents\Visual Studio 2017\Projects\project1\project1\ThirdPartyLibrary\OSPRay v1.3.0\include\ospray\ospray_cpp\ManagedObject.h	63	
Error (active)	E1670	a type qualifier is not allowed on a nonmember function	project1	c:\Users\HP\Documents\Visual Studio 2017\Projects\project1\project1\ThirdPartyLibrary\OSPRay v1.3.0\include\ospray\ospray_cpp\ManagedObject.h	63	
Error (active)	E0145	function "set(const std::string &name, const <error-type> &v)" may not be initialized	project1	c:\Users\HP\Documents\Visual Studio 2017\Projects\project1\project1\ThirdPartyLibrary\OSPRay v1.3.0\include\ospray\ospray_cpp\ManagedObject.h	63	
Error (active)	E0239	invalid specifier outside a class declaration	project1	c:\Users\HP\Documents\Visual Studio 2017\Projects\project1\project1\ThirdPartyLibrary\OSPRay v1.3.0\include\ospray\ospray_cpp\ManagedObject.h	66	
Error (active)	E1670	a type qualifier is not allowed on a nonmember function	project1	c:\Users\HP\Documents\Visual Studio 2017\Projects\project1\project1\ThirdPartyLibrary\OSPRay v1.3.0\include\ospray\ospray_cpp\ManagedObject.h	66	
Error (active)	E0145	function "set(const std::string &name, const char *v)" may not be initialized	project1	c:\Users\HP\Documents\Visual Studio 2017\Projects\project1\project1\ThirdPartyLibrary\OSPRay v1.3.0\include\ospray\ospray_cpp\ManagedObject.h	66	
Error (active)	E0239	invalid specifier outside a class declaration	project1	c:\Users\HP\Documents\Visual Studio 2017\Projects\project1\project1\ThirdPartyLibrary\OSPRay v1.3.0\include\ospray\ospray_cpp\ManagedObject.h	69	
Error (active)	E1670	a type qualifier is not allowed on a nonmember function	project1	c:\Users\HP\Documents\Visual Studio 2017\Projects\project1\project1\ThirdPartyLibrary\OSPRay v1.3.0\include\ospray\ospray_cpp\ManagedObject.h	69	
Error (active)	E0145	function "set(const std::string &name, void *v)" may not be initialized	project1	c:\Users\HP\Documents\Visual Studio 2017\Projects\project1\project1\ThirdPartyLibrary\OSPRay v1.3.0\include\ospray\ospray_cpp\ManagedObject.h	69	
Error (active)	E0239	invalid specifier outside a class declaration	project1	c:\Users\HP\Documents\Visual Studio 2017\Projects\project1\project1\ThirdPartyLibrary\OSPRay v1.3.0\include\ospray\ospray_cpp\ManagedObject.h	72	
Error (active)	E1670	a type qualifier is not allowed on a nonmember function	project1	c:\Users\HP\Documents\Visual Studio 2017\Projects\project1\project1\ThirdPartyLibrary\OSPRay v1.3.0\include\ospray\ospray_cpp\ManagedObject.h	72	
Error (active)	E0145	function "set(const std::string &name, OSPObject v)" may not be initialized	project1	c:\Users\HP\Documents\Visual Studio 2017\Projects\project1\project1\ThirdPartyLibrary\OSPRay v1.3.0\include\ospray\ospray_cpp\ManagedObject.h	72	
Error (active)	E0239	invalid specifier outside a class declaration	project1	c:\Users\HP\Documents\Visual Studio 2017\Projects\project1\project1\ThirdPartyLibrary\OSPRay v1.3.0\include\ospray\ospray_cpp\ManagedObject.h	75	
Error (active)	E0020	identifier "ManagedObject" is undefined	project1	c:\Users\HP\Documents\Visual Studio 2017\Projects\project1\project1\ThirdPartyLibrary\OSPRay v1.3.0\include\ospray\ospray_cpp\ManagedObject.h	75	
Error (active)	E1670	a type qualifier is not allowed on a nonmember function	project1	c:\Users\HP\Documents\Visual Studio 2017\Projects\project1\project1\ThirdPartyLibrary\OSPRay v1.3.0\include\ospray\ospray_cpp\ManagedObject.h	75	
Error (active)	E0145	function "set(const std::string &name, const <error-type> &v)" may not be initialized	project1	c:\Users\HP\Documents\Visual Studio 2017\Projects\project1\project1\ThirdPartyLibrary\OSPRay v1.3.0\include\ospray\ospray_cpp\ManagedObject.h	75	
Error (active)	E0239	invalid specifier outside a class declaration	project1	c:\Users\HP\Documents\Visual Studio 2017\Projects\project1\project1\ThirdPartyLibrary\OSPRay v1.3.0\include\ospray\ospray_cpp\ManagedObject.h	78	
Error (active)	E1670	a type qualifier is not allowed on a nonmember function	project1	c:\Users\HP\Documents\Visual Studio 2017\Projects\project1\project1\ThirdPartyLibrary\OSPRay v1.3.0\include\ospray\ospray_cpp\ManagedObject.h	78	
Error (active)	E0145	function "remove(const std::string &name)" may not be initialized	project1	c:\Users\HP\Documents\Visual Studio 2017\Projects\project1\project1\ThirdPartyLibrary\OSPRay v1.3.0\include\ospray\ospray_cpp\ManagedObject.h	78	
Error (active)	E0239	invalid specifier outside a class declaration	project1	c:\Users\HP\Documents\Visual Studio 2017\Projects\project1\project1\ThirdPartyLibrary\OSPRay v1.3.0\include\ospray\ospray_cpp\ManagedObject.h	81	
Error (active)	E1670	a type qualifier is not allowed on a nonmember function	project1	c:\Users\HP\Documents\Visual Studio 2017\Projects\project1\project1\ThirdPartyLibrary\OSPRay v1.3.0\include\ospray\ospray_cpp\ManagedObject.h	81	
Error (active)	E0145	function "commit" may not be initialized	project1	c:\Users\HP\Documents\Visual Studio 2017\Projects\project1\project1\ThirdPartyLibrary\OSPRay v1.3.0\include\ospray\ospray_cpp\ManagedObject.h	81	
Error (active)	E0239	invalid specifier outside a class declaration	project1	c:\Users\HP\Documents\Visual Studio 2017\Projects\project1\project1\ThirdPartyLibrary\OSPRay v1.3.0\include\ospray\ospray_cpp\ManagedObject.h	84	
Error (active)	E1670	a type qualifier is not allowed on a nonmember function	project1	c:\Users\HP\Documents\Visual Studio 2017\Projects\project1\project1\ThirdPartyLibrary\OSPRay v1.3.0\include\ospray\ospray_cpp\ManagedObject.h	84	
Error (active)	E0145	function "object" may not be initialized	project1	c:\Users\HP\Documents\Visual Studio 2017\Projects\project1\project1\ThirdPartyLibrary\OSPRay v1.3.0\include\ospray\ospray_cpp\ManagedObject.h	84	
Error (active)	E0239	invalid specifier outside a class declaration	project1	c:\Users\HP\Documents\Visual Studio 2017\Projects\project1\project1\ThirdPartyLibrary\OSPRay v1.3.0\include\ospray\ospray_cpp\ManagedObject.h	86	
Error (active)	E0279	invalid destructor declaration	project1	c:\Users\HP\Documents\Visual Studio 2017\Projects\project1\project1\ThirdPartyLibrary\OSPRay v1.3.0\include\ospray\ospray_cpp\ManagedObject.h	86	
Error (active)	E0169	expected a declaration	project1	c:\Users\HP\Documents\Visual Studio 2017\Projects\project1\project1\ThirdPartyLibrary\OSPRay v1.3.0\include\ospray\ospray_cpp\ManagedObject.h	87	
Error (active)	E0169	expected a declaration	project1	c:\Users\HP\Documents\Visual Studio 2017\Projects\project1\project1\ThirdPartyLibrary\OSPRay v1.3.0\include\ospray\ospray_cpp\ManagedObject.h	336	
Error (active)	E0135	namespace "ospcommon" has no member "affine3f"	project1	c:\Users\HP\Documents\Visual Studio 2017\Projects\project1\project1\ThirdPartyLibrary\OSPRay v1.3.0\include\ospray\ospray_cpp\Model.h	46	
Error (active)	E0135	namespace "ospcommon" has no member "affine3f"	project1	c:\Users\HP\Documents\Visual Studio 2017\Projects\project1\project1\ThirdPartyLibrary\OSPRay v1.3.0\include\ospray\ospray_cpp\Model.h	112	
Error (active)	E0169	expected a declaration	project1	c:\Users\HP\Documents\Visual Studio 2017\Projects\project1\project1\ThirdPartyLibrary\OSPRay v1.3.0\include\ospray\ospray_cpp\PixelOp.h	43	
Error (active)	E0135	namespace "ospcommon" has no member "vec3i"	project1	c:\Users\HP\Documents\Visual Studio 2017\Projects\project1\project1\ThirdPartyLibrary\OSPRay v1.3.0\include\ospray\ospray_cpp\Volume.h	35	
Error (active)	E0135	namespace "ospcommon" has no member "vec3i"	project1	c:\Users\HP\Documents\Visual Studio 2017\Projects\project1\project1\ThirdPartyLibrary\OSPRay v1.3.0\include\ospray\ospray_cpp\Volume.h	36	
Error (active)	E0135	namespace "ospcommon" has no member "vec3f"	project1	c:\Users\HP\Documents\Visual Studio 2017\Projects\project1\project1\ThirdPartyLibrary\OSPRay v1.3.0\include\ospray\ospray_cpp\Volume.h	39	
Error (active)	E0135	namespace "ospcommon" has no member "vec3f"	project1	c:\Users\HP\Documents\Visual Studio 2017\Projects\project1\project1\ThirdPartyLibrary\OSPRay v1.3.0\include\ospray\ospray_cpp\Volume.h	41	
Error (active)	E0135	namespace "ospcommon" has no member "vec3i"	project1	c:\Users\HP\Documents\Visual Studio 2017\Projects\project1\project1\ThirdPartyLibrary\OSPRay v1.3.0\include\ospray\ospray_cpp\Volume.h	67	
Error (active)	E0135	namespace "ospcommon" has no member "vec3i"	project1	c:\Users\HP\Documents\Visual Studio 2017\Projects\project1\project1\ThirdPartyLibrary\OSPRay v1.3.0\include\ospray\ospray_cpp\Volume.h	68	
Error (active)	E0135	namespace "ospcommon" has no member "vec3f"	project1	c:\Users\HP\Documents\Visual Studio 2017\Projects\project1\project1\ThirdPartyLibrary\OSPRay v1.3.0\include\ospray\ospray_cpp\Volume.h	78	
Error (active)	E0135	namespace "ospcommon" has no member "vec3f"	project1	c:\Users\HP\Documents\Visual Studio 2017\Projects\project1\project1\ThirdPartyLibrary\OSPRay v1.3.0\include\ospray\ospray_cpp\Volume.h	88	
Error (active)	E0135	namespace "ospcommon" has no member "box3f"	project1	c:\Users\HP\Documents\Visual Studio 2017\Projects\project1\project1\ThirdPartyLibrary\ospray-1.3.0\apps\common\commandline\Utility.h	43	
Error (active)	E0135	namespace "ospray::cpp" has no member "Renderer"	project1	c:\Users\HP\Documents\Visual Studio 2017\Projects\project1\project1\ThirdPartyLibrary\ospray-1.3.0\apps\common\commandline\Utility.h	45	
Error (active)	E0135	namespace "ospcommon" has no member "box3f"	project1	c:\Users\HP\Documents\Visual Studio 2017\Projects\project1\project1\ThirdPartyLibrary\ospray-1.3.0\apps\common\commandline\Utility.h	92	
Error (active)	E0135	namespace "ospray::cpp" has no member "Renderer"	project1	c:\Users\HP\Documents\Visual Studio 2017\Projects\project1\project1\ThirdPartyLibrary\ospray-1.3.0\apps\common\commandline\Utility.h	94	
Error (active)	E0135	namespace "ospray::cpp" has no member "Renderer"	project1	c:\Users\HP\Documents\Visual Studio 2017\Projects\project1\project1\ThirdPartyLibrary\ospray-1.3.0\apps\common\commandline\Utility.h	95	
Error (active)	E0135	namespace "ospcommon" has no member "AffineSpace3f"	project1	c:\Users\HP\Documents\Visual Studio 2017\Projects\project1\project1\ThirdPartyLibrary\ospray-1.3.0\apps\common\miniSG\miniSG.h	45	
Error (active)	E0135	namespace "ospcommon" has no member "AffineSpace3fa"	project1	c:\Users\HP\Documents\Visual Studio 2017\Projects\project1\project1\ThirdPartyLibrary\ospray-1.3.0\apps\exampleViewer\widgets\imgui3D.h	38	
Error	C2589	'(': illegal token on right side of '::'	project1	c:\users\hp\documents\visual studio 2017\projects\project1\project1\thirdpartylibrary\ospray v1.3.0\include\ospray\ospcommon\constants.h	80	
Error	C2062	type 'unknown-type' unexpected	project1	c:\users\hp\documents\visual studio 2017\projects\project1\project1\thirdpartylibrary\ospray v1.3.0\include\ospray\ospcommon\constants.h	80	
Error	C2059	syntax error: ')'	project1	c:\users\hp\documents\visual studio 2017\projects\project1\project1\thirdpartylibrary\ospray v1.3.0\include\ospray\ospcommon\constants.h	80	
Error	C2589	'(': illegal token on right side of '::'	project1	c:\users\hp\documents\visual studio 2017\projects\project1\project1\thirdpartylibrary\ospray v1.3.0\include\ospray\ospcommon\constants.h	81	
Error	C2062	type 'unknown-type' unexpected	project1	c:\users\hp\documents\visual studio 2017\projects\project1\project1\thirdpartylibrary\ospray v1.3.0\include\ospray\ospcommon\constants.h	81	
Error	C2059	syntax error: ')'	project1	c:\users\hp\documents\visual studio 2017\projects\project1\project1\thirdpartylibrary\ospray v1.3.0\include\ospray\ospcommon\constants.h	81	
Error	C2589	'(': illegal token on right side of '::'	project1	c:\users\hp\documents\visual studio 2017\projects\project1\project1\thirdpartylibrary\ospray v1.3.0\include\ospray\ospcommon\constants.h	82	
Error	C2062	type 'unknown-type' unexpected	project1	c:\users\hp\documents\visual studio 2017\projects\project1\project1\thirdpartylibrary\ospray v1.3.0\include\ospray\ospcommon\constants.h	82	
Error	C2059	syntax error: ')'	project1	c:\users\hp\documents\visual studio 2017\projects\project1\project1\thirdpartylibrary\ospray v1.3.0\include\ospray\ospcommon\constants.h	82	
Error	C2589	'(': illegal token on right side of '::'	project1	c:\users\hp\documents\visual studio 2017\projects\project1\project1\thirdpartylibrary\ospray v1.3.0\include\ospray\ospcommon\constants.h	83	
Error	C2062	type 'unknown-type' unexpected	project1	c:\users\hp\documents\visual studio 2017\projects\project1\project1\thirdpartylibrary\ospray v1.3.0\include\ospray\ospcommon\constants.h	83	
Error	C2059	syntax error: ')'	project1	c:\users\hp\documents\visual studio 2017\projects\project1\project1\thirdpartylibrary\ospray v1.3.0\include\ospray\ospcommon\constants.h	83	
Error	C2589	'(': illegal token on right side of '::'	project1	c:\users\hp\documents\visual studio 2017\projects\project1\project1\thirdpartylibrary\ospray v1.3.0\include\ospray\ospcommon\constants.h	84	
Error	C2062	type 'unknown-type' unexpected	project1	c:\users\hp\documents\visual studio 2017\projects\project1\project1\thirdpartylibrary\ospray v1.3.0\include\ospray\ospcommon\constants.h	84	
Error	C2059	syntax error: ')'	project1	c:\users\hp\documents\visual studio 2017\projects\project1\project1\thirdpartylibrary\ospray v1.3.0\include\ospray\ospcommon\constants.h	84	
Error	C2589	'(': illegal token on right side of '::'	project1	c:\users\hp\documents\visual studio 2017\projects\project1\project1\thirdpartylibrary\ospray v1.3.0\include\ospray\ospcommon\constants.h	85	
Error	C2062	type 'unknown-type' unexpected	project1	c:\users\hp\documents\visual studio 2017\projects\project1\project1\thirdpartylibrary\ospray v1.3.0\include\ospray\ospcommon\constants.h	85	
Error	C2059	syntax error: ')'	project1	c:\users\hp\documents\visual studio 2017\projects\project1\project1\thirdpartylibrary\ospray v1.3.0\include\ospray\ospcommon\constants.h	85	
Error	C2589	'(': illegal token on right side of '::'	project1	c:\users\hp\documents\visual studio 2017\projects\project1\project1\thirdpartylibrary\ospray v1.3.0\include\ospray\ospcommon\constants.h	86	
Error	C2062	type 'unknown-type' unexpected	project1	c:\users\hp\documents\visual studio 2017\projects\project1\project1\thirdpartylibrary\ospray v1.3.0\include\ospray\ospcommon\constants.h	86	
Error	C2059	syntax error: ')'	project1	c:\users\hp\documents\visual studio 2017\projects\project1\project1\thirdpartylibrary\ospray v1.3.0\include\ospray\ospcommon\constants.h	86	
Error	C2589	'(': illegal token on right side of '::'	project1	c:\users\hp\documents\visual studio 2017\projects\project1\project1\thirdpartylibrary\ospray v1.3.0\include\ospray\ospcommon\constants.h	87	
Error	C2062	type 'unknown-type' unexpected	project1	c:\users\hp\documents\visual studio 2017\projects\project1\project1\thirdpartylibrary\ospray v1.3.0\include\ospray\ospcommon\constants.h	87	
Error	C2059	syntax error: ')'	project1	c:\users\hp\documents\visual studio 2017\projects\project1\project1\thirdpartylibrary\ospray v1.3.0\include\ospray\ospcommon\constants.h	87	
Error	C2589	'(': illegal token on right side of '::'	project1	c:\users\hp\documents\visual studio 2017\projects\project1\project1\thirdpartylibrary\ospray v1.3.0\include\ospray\ospcommon\constants.h	88	
Error	C2062	type 'unknown-type' unexpected	project1	c:\users\hp\documents\visual studio 2017\projects\project1\project1\thirdpartylibrary\ospray v1.3.0\include\ospray\ospcommon\constants.h	88	
Error	C2059	syntax error: ')'	project1	c:\users\hp\documents\visual studio 2017\projects\project1\project1\thirdpartylibrary\ospray v1.3.0\include\ospray\ospcommon\constants.h	88	
Error	C2589	'(': illegal token on right side of '::'	project1	c:\users\hp\documents\visual studio 2017\projects\project1\project1\thirdpartylibrary\ospray v1.3.0\include\ospray\ospcommon\constants.h	89	
Error	C2062	type 'unknown-type' unexpected	project1	c:\users\hp\documents\visual studio 2017\projects\project1\project1\thirdpartylibrary\ospray v1.3.0\include\ospray\ospcommon\constants.h	89	
Error	C2059	syntax error: ')'	project1	c:\users\hp\documents\visual studio 2017\projects\project1\project1\thirdpartylibrary\ospray v1.3.0\include\ospray\ospcommon\constants.h	89	
Error	C2589	'(': illegal token on right side of '::'	project1	c:\users\hp\documents\visual studio 2017\projects\project1\project1\thirdpartylibrary\ospray v1.3.0\include\ospray\ospcommon\constants.h	97	
Error	C2062	type 'unknown-type' unexpected	project1	c:\users\hp\documents\visual studio 2017\projects\project1\project1\thirdpartylibrary\ospray v1.3.0\include\ospray\ospcommon\constants.h	97	
Error	C2059	syntax error: ')'	project1	c:\users\hp\documents\visual studio 2017\projects\project1\project1\thirdpartylibrary\ospray v1.3.0\include\ospray\ospcommon\constants.h	97	
Error	C2589	'(': illegal token on right side of '::'	project1	c:\users\hp\documents\visual studio 2017\projects\project1\project1\thirdpartylibrary\ospray v1.3.0\include\ospray\ospcommon\constants.h	98	
Error	C2062	type 'unknown-type' unexpected	project1	c:\users\hp\documents\visual studio 2017\projects\project1\project1\thirdpartylibrary\ospray v1.3.0\include\ospray\ospcommon\constants.h	98	
Error	C2059	syntax error: ')'	project1	c:\users\hp\documents\visual studio 2017\projects\project1\project1\thirdpartylibrary\ospray v1.3.0\include\ospray\ospcommon\constants.h	98	
Error	C2589	'(': illegal token on right side of '::'	project1	c:\users\hp\documents\visual studio 2017\projects\project1\project1\thirdpartylibrary\ospray v1.3.0\include\ospray\ospcommon\constants.h	99	
Error	C2062	type 'unknown-type' unexpected	project1	c:\users\hp\documents\visual studio 2017\projects\project1\project1\thirdpartylibrary\ospray v1.3.0\include\ospray\ospcommon\constants.h	99	
Error	C2059	syntax error: ')'	project1	c:\users\hp\documents\visual studio 2017\projects\project1\project1\thirdpartylibrary\ospray v1.3.0\include\ospray\ospcommon\constants.h	99	
Error	C2589	'(': illegal token on right side of '::'	project1	c:\users\hp\documents\visual studio 2017\projects\project1\project1\thirdpartylibrary\ospray v1.3.0\include\ospray\ospcommon\constants.h	100	
Error	C2062	type 'unknown-type' unexpected	project1	c:\users\hp\documents\visual studio 2017\projects\project1\project1\thirdpartylibrary\ospray v1.3.0\include\ospray\ospcommon\constants.h	100	
Error	C2059	syntax error: ')'	project1	c:\users\hp\documents\visual studio 2017\projects\project1\project1\thirdpartylibrary\ospray v1.3.0\include\ospray\ospcommon\constants.h	100	
Error	C2589	'(': illegal token on right side of '::'	project1	c:\users\hp\documents\visual studio 2017\projects\project1\project1\thirdpartylibrary\ospray v1.3.0\include\ospray\ospcommon\constants.h	101	
Error	C2062	type 'unknown-type' unexpected	project1	c:\users\hp\documents\visual studio 2017\projects\project1\project1\thirdpartylibrary\ospray v1.3.0\include\ospray\ospcommon\constants.h	101	
Error	C2059	syntax error: ')'	project1	c:\users\hp\documents\visual studio 2017\projects\project1\project1\thirdpartylibrary\ospray v1.3.0\include\ospray\ospcommon\constants.h	101	
Error	C2589	'(': illegal token on right side of '::'	project1	c:\users\hp\documents\visual studio 2017\projects\project1\project1\thirdpartylibrary\ospray v1.3.0\include\ospray\ospcommon\constants.h	102	
Error	C2062	type 'unknown-type' unexpected	project1	c:\users\hp\documents\visual studio 2017\projects\project1\project1\thirdpartylibrary\ospray v1.3.0\include\ospray\ospcommon\constants.h	102	
Error	C2059	syntax error: ')'	project1	c:\users\hp\documents\visual studio 2017\projects\project1\project1\thirdpartylibrary\ospray v1.3.0\include\ospray\ospcommon\constants.h	102	
Error	C2589	'(': illegal token on right side of '::'	project1	c:\users\hp\documents\visual studio 2017\projects\project1\project1\thirdpartylibrary\ospray v1.3.0\include\ospray\ospcommon\constants.h	103	
Error	C2062	type 'unknown-type' unexpected	project1	c:\users\hp\documents\visual studio 2017\projects\project1\project1\thirdpartylibrary\ospray v1.3.0\include\ospray\ospcommon\constants.h	103	
Error	C2059	syntax error: ')'	project1	c:\users\hp\documents\visual studio 2017\projects\project1\project1\thirdpartylibrary\ospray v1.3.0\include\ospray\ospcommon\constants.h	103	
Error	C2589	'(': illegal token on right side of '::'	project1	c:\users\hp\documents\visual studio 2017\projects\project1\project1\thirdpartylibrary\ospray v1.3.0\include\ospray\ospcommon\constants.h	104	
Error	C2062	type 'unknown-type' unexpected	project1	c:\users\hp\documents\visual studio 2017\projects\project1\project1\thirdpartylibrary\ospray v1.3.0\include\ospray\ospcommon\constants.h	104	
Error	C2059	syntax error: ')'	project1	c:\users\hp\documents\visual studio 2017\projects\project1\project1\thirdpartylibrary\ospray v1.3.0\include\ospray\ospcommon\constants.h	104	
Error	C2589	'(': illegal token on right side of '::'	project1	c:\users\hp\documents\visual studio 2017\projects\project1\project1\thirdpartylibrary\ospray v1.3.0\include\ospray\ospcommon\constants.h	105	
Error	C2062	type 'unknown-type' unexpected	project1	c:\users\hp\documents\visual studio 2017\projects\project1\project1\thirdpartylibrary\ospray v1.3.0\include\ospray\ospcommon\constants.h	105	
Error	C2059	syntax error: ')'	project1	c:\users\hp\documents\visual studio 2017\projects\project1\project1\thirdpartylibrary\ospray v1.3.0\include\ospray\ospcommon\constants.h	105	
Error	C2589	'(': illegal token on right side of '::'	project1	c:\users\hp\documents\visual studio 2017\projects\project1\project1\thirdpartylibrary\ospray v1.3.0\include\ospray\ospcommon\constants.h	106	
Error	C2062	type 'unknown-type' unexpected	project1	c:\users\hp\documents\visual studio 2017\projects\project1\project1\thirdpartylibrary\ospray v1.3.0\include\ospray\ospcommon\constants.h	106	
Error	C2059	syntax error: ')'	project1	c:\users\hp\documents\visual studio 2017\projects\project1\project1\thirdpartylibrary\ospray v1.3.0\include\ospray\ospcommon\constants.h	106	
Error	C2062	type 'int' unexpected	project1	c:\users\hp\documents\visual studio 2017\projects\project1\project1\thirdpartylibrary\ospray v1.3.0\include\ospray\ospcommon\math.h	130	
Error	C2059	syntax error: ')'	project1	c:\users\hp\documents\visual studio 2017\projects\project1\project1\thirdpartylibrary\ospray v1.3.0\include\ospray\ospcommon\math.h	130	
Error	C2143	syntax error: missing ';' before '{'	project1	c:\users\hp\documents\visual studio 2017\projects\project1\project1\thirdpartylibrary\ospray v1.3.0\include\ospray\ospcommon\math.h	130	
Error	C2447	'{': missing function header (old-style formal list?)	project1	c:\users\hp\documents\visual studio 2017\projects\project1\project1\thirdpartylibrary\ospray v1.3.0\include\ospray\ospcommon\math.h	130	
Error	C2146	syntax error: missing ')' before identifier 'a'	project1	c:\users\hp\documents\visual studio 2017\projects\project1\project1\thirdpartylibrary\ospray v1.3.0\include\ospray\ospcommon\math.h	131	
Error	C2433	'int64_t': '__forceinline' not permitted on data declarations	project1	c:\users\hp\documents\visual studio 2017\projects\project1\project1\thirdpartylibrary\ospray v1.3.0\include\ospray\ospcommon\math.h	131	
Error	C2146	syntax error: missing ';' before identifier 'a'	project1	c:\users\hp\documents\visual studio 2017\projects\project1\project1\thirdpartylibrary\ospray v1.3.0\include\ospray\ospcommon\math.h	131	
Error	C2059	syntax error: ')'	project1	c:\users\hp\documents\visual studio 2017\projects\project1\project1\thirdpartylibrary\ospray v1.3.0\include\ospray\ospcommon\math.h	131	
Error	C2143	syntax error: missing ';' before '<'	project1	c:\users\hp\documents\visual studio 2017\projects\project1\project1\thirdpartylibrary\ospray v1.3.0\include\ospray\ospcommon\math.h	131	
Error	C4430	missing type specifier - int assumed. Note: C++ does not support default-int	project1	c:\users\hp\documents\visual studio 2017\projects\project1\project1\thirdpartylibrary\ospray v1.3.0\include\ospray\ospcommon\math.h	131	
Error	C2146	syntax error: missing ')' before identifier 'b'	project1	c:\users\hp\documents\visual studio 2017\projects\project1\project1\thirdpartylibrary\ospray v1.3.0\include\ospray\ospcommon\math.h	131	
Error	C2371	'ospcommon::int64_t': redefinition; different basic types	project1	c:\users\hp\documents\visual studio 2017\projects\project1\project1\thirdpartylibrary\ospray v1.3.0\include\ospray\ospcommon\math.h	131	
Error	C2146	syntax error: missing ';' before identifier 'b'	project1	c:\users\hp\documents\visual studio 2017\projects\project1\project1\thirdpartylibrary\ospray v1.3.0\include\ospray\ospcommon\math.h	131	
Error	C2143	syntax error: missing ';' before '{'	project1	c:\users\hp\documents\visual studio 2017\projects\project1\project1\thirdpartylibrary\ospray v1.3.0\include\ospray\ospcommon\math.h	131	
Error	C2447	'{': missing function header (old-style formal list?)	project1	c:\users\hp\documents\visual studio 2017\projects\project1\project1\thirdpartylibrary\ospray v1.3.0\include\ospray\ospcommon\math.h	131	
Error	C2146	syntax error: missing ')' before identifier 'a'	project1	c:\users\hp\documents\visual studio 2017\projects\project1\project1\thirdpartylibrary\ospray v1.3.0\include\ospray\ospcommon\math.h	132	
Error	C2433	'size_t': '__forceinline' not permitted on data declarations	project1	c:\users\hp\documents\visual studio 2017\projects\project1\project1\thirdpartylibrary\ospray v1.3.0\include\ospray\ospcommon\math.h	132	
Error	C2146	syntax error: missing ';' before identifier 'a'	project1	c:\users\hp\documents\visual studio 2017\projects\project1\project1\thirdpartylibrary\ospray v1.3.0\include\ospray\ospcommon\math.h	132	
Error	C2059	syntax error: ')'	project1	c:\users\hp\documents\visual studio 2017\projects\project1\project1\thirdpartylibrary\ospray v1.3.0\include\ospray\ospcommon\math.h	132	
Error	C2143	syntax error: missing ';' before '<'	project1	c:\users\hp\documents\visual studio 2017\projects\project1\project1\thirdpartylibrary\ospray v1.3.0\include\ospray\ospcommon\math.h	132	
Error	C4430	missing type specifier - int assumed. Note: C++ does not support default-int	project1	c:\users\hp\documents\visual studio 2017\projects\project1\project1\thirdpartylibrary\ospray v1.3.0\include\ospray\ospcommon\math.h	132	
Error	C2086	'int ospcommon::a': redefinition	project1	c:\users\hp\documents\visual studio 2017\projects\project1\project1\thirdpartylibrary\ospray v1.3.0\include\ospray\ospcommon\math.h	132	
Error	C2146	syntax error: missing ')' before identifier 'b'	project1	c:\users\hp\documents\visual studio 2017\projects\project1\project1\thirdpartylibrary\ospray v1.3.0\include\ospray\ospcommon\math.h	132	
Error	C2371	'ospcommon::size_t': redefinition; different basic types	project1	c:\users\hp\documents\visual studio 2017\projects\project1\project1\thirdpartylibrary\ospray v1.3.0\include\ospray\ospcommon\math.h	132	
Error	C2146	syntax error: missing ';' before identifier 'b'	project1	c:\users\hp\documents\visual studio 2017\projects\project1\project1\thirdpartylibrary\ospray v1.3.0\include\ospray\ospcommon\math.h	132	
Error	C2143	syntax error: missing ';' before '{'	project1	c:\users\hp\documents\visual studio 2017\projects\project1\project1\thirdpartylibrary\ospray v1.3.0\include\ospray\ospcommon\math.h	132	
Error	C2447	'{': missing function header (old-style formal list?)	project1	c:\users\hp\documents\visual studio 2017\projects\project1\project1\thirdpartylibrary\ospray v1.3.0\include\ospray\ospcommon\math.h	132	
Error	C2062	type 'float' unexpected	project1	c:\users\hp\documents\visual studio 2017\projects\project1\project1\thirdpartylibrary\ospray v1.3.0\include\ospray\ospcommon\math.h	133	
Error	C2059	syntax error: ')'	project1	c:\users\hp\documents\visual studio 2017\projects\project1\project1\thirdpartylibrary\ospray v1.3.0\include\ospray\ospcommon\math.h	133	
Error	C2143	syntax error: missing ';' before '{'	project1	c:\users\hp\documents\visual studio 2017\projects\project1\project1\thirdpartylibrary\ospray v1.3.0\include\ospray\ospcommon\math.h	133	
Error	C2447	'{': missing function header (old-style formal list?)	project1	c:\users\hp\documents\visual studio 2017\projects\project1\project1\thirdpartylibrary\ospray v1.3.0\include\ospray\ospcommon\math.h	133	
Error	C2062	type 'double' unexpected	project1	c:\users\hp\documents\visual studio 2017\projects\project1\project1\thirdpartylibrary\ospray v1.3.0\include\ospray\ospcommon\math.h	134	
Error	C2059	syntax error: ')'	project1	c:\users\hp\documents\visual studio 2017\projects\project1\project1\thirdpartylibrary\ospray v1.3.0\include\ospray\ospcommon\math.h	134	
Error	C2143	syntax error: missing ';' before '{'	project1	c:\users\hp\documents\visual studio 2017\projects\project1\project1\thirdpartylibrary\ospray v1.3.0\include\ospray\ospcommon\math.h	134	
Error	C2447	'{': missing function header (old-style formal list?)	project1	c:\users\hp\documents\visual studio 2017\projects\project1\project1\thirdpartylibrary\ospray v1.3.0\include\ospray\ospcommon\math.h	134	
Error	C2988	unrecognizable template declaration/definition	project1	c:\users\hp\documents\visual studio 2017\projects\project1\project1\thirdpartylibrary\ospray v1.3.0\include\ospray\ospcommon\math.h	136	
Error	C2059	syntax error: 'const'	project1	c:\users\hp\documents\visual studio 2017\projects\project1\project1\thirdpartylibrary\ospray v1.3.0\include\ospray\ospcommon\math.h	136	
Error	C2059	syntax error: ')'	project1	c:\users\hp\documents\visual studio 2017\projects\project1\project1\thirdpartylibrary\ospray v1.3.0\include\ospray\ospcommon\math.h	136	
Error	C2143	syntax error: missing ';' before '{'	project1	c:\users\hp\documents\visual studio 2017\projects\project1\project1\thirdpartylibrary\ospray v1.3.0\include\ospray\ospcommon\math.h	136	
Error	C2447	'{': missing function header (old-style formal list?)	project1	c:\users\hp\documents\visual studio 2017\projects\project1\project1\thirdpartylibrary\ospray v1.3.0\include\ospray\ospcommon\math.h	136	
Error	C2988	unrecognizable template declaration/definition	project1	c:\users\hp\documents\visual studio 2017\projects\project1\project1\thirdpartylibrary\ospray v1.3.0\include\ospray\ospcommon\math.h	137	
Error	C2059	syntax error: 'const'	project1	c:\users\hp\documents\visual studio 2017\projects\project1\project1\thirdpartylibrary\ospray v1.3.0\include\ospray\ospcommon\math.h	137	
Error	C2059	syntax error: ')'	project1	c:\users\hp\documents\visual studio 2017\projects\project1\project1\thirdpartylibrary\ospray v1.3.0\include\ospray\ospcommon\math.h	137	
Error	C1003	error count exceeds 100; stopping compilation	project1	c:\users\hp\documents\visual studio 2017\projects\project1\project1\thirdpartylibrary\ospray v1.3.0\include\ospray\ospcommon\math.h	137	
